
10-Jun-20 14:34:41 - /Users/liongrizotsky/Desktop/audio_folder/hello,folder locked
10-Jun-20 14:34:41 - (RUN)
10-Jun-20 14:36:10 - (RUN)
10-Jun-20 14:36:28 - (RUN)
10-Jun-20 14:36:45 - (RUN)
10-Jun-20 14:37:06 - (RUN)
10-Jun-20 14:38:11 - /Users/liongrizotsky/Desktop/audio_folder/hello,20000,wrong
10-Jun-20 14:38:11 - /Users/liongrizotsky/Desktop/audio_folder/hello,20000,wrong
10-Jun-20 14:38:12 - /Users/liongrizotsky/Desktop/audio_folder/hello,20000,wrong
10-Jun-20 14:38:12 - /Users/liongrizotsky/Desktop/audio_folder/hello,20000,wrong
10-Jun-20 14:38:13 - /Users/liongrizotsky/Desktop/audio_folder/hello,20000,wrong
10-Jun-20 14:38:14 - /Users/liongrizotsky/Desktop/audio_folder/hello,20000,wrong
10-Jun-20 14:38:15 - /Users/liongrizotsky/Desktop/audio_folder/hello,20000,wrong
10-Jun-20 14:38:15 - /Users/liongrizotsky/Desktop/audio_folder/hello,20000,wrong
10-Jun-20 14:38:16 - /Users/liongrizotsky/Desktop/audio_folder/hello,20000,wrong
10-Jun-20 14:38:18 - /Users/liongrizotsky/Desktop/audio_folder/hello,20000,wrong
10-Jun-20 14:38:19 - /Users/liongrizotsky/Desktop/audio_folder/hello,20000,wrong
10-Jun-20 14:38:19 - /Users/liongrizotsky/Desktop/audio_folder/hello,20000,wrong
10-Jun-20 14:38:20 - /Users/liongrizotsky/Desktop/audio_folder/hello,20000,wrong
10-Jun-20 14:38:20 - /Users/liongrizotsky/Desktop/audio_folder/hello,20000,wrong
10-Jun-20 14:38:23 - /Users/liongrizotsky/Desktop/audio_folder/hello,20000,wrong
10-Jun-20 14:38:24 - /Users/liongrizotsky/Desktop/audio_folder/hello,20000,wrong
10-Jun-20 14:38:24 - /Users/liongrizotsky/Desktop/audio_folder/hello,20000,wrong
10-Jun-20 14:38:24 - /Users/liongrizotsky/Desktop/audio_folder/hello,20000,wrong
10-Jun-20 14:38:35 - /Users/liongrizotsky/Desktop/audio_folder/hello,20000,wrong
10-Jun-20 14:38:35 - /Users/liongrizotsky/Desktop/audio_folder/hello,20000,wrong
10-Jun-20 14:38:40 - /Users/liongrizotsky/Desktop/audio_folder/hello,20000,wrong
10-Jun-20 14:38:44 - /Users/liongrizotsky/Desktop/audio_folder/hello,20000,right
10-Jun-20 14:38:48 - /Users/liongrizotsky/Desktop/audio_folder/hello,20000,right
10-Jun-20 14:38:52 - /Users/liongrizotsky/Desktop/audio_folder/hello,20000,right
10-Jun-20 14:38:56 - /Users/liongrizotsky/Desktop/audio_folder/hello,20000,right
10-Jun-20 14:39:00 - /Users/liongrizotsky/Desktop/audio_folder/hello,20000,right
10-Jun-20 14:39:02 - /Users/liongrizotsky/Desktop/audio_folder/hello,20000,wrong
10-Jun-20 14:39:02 - /Users/liongrizotsky/Desktop/audio_folder/hello,20000,wrong
10-Jun-20 14:39:04 - /Users/liongrizotsky/Desktop/audio_folder/hello,20000,wrong
10-Jun-20 14:39:08 - /Users/liongrizotsky/Desktop/audio_folder/hello,folder locked
10-Jun-20 14:39:29 - (RUN)
10-Jun-20 14:39:34 - /Users/liongrizotsky/Desktop/audio_folder/hello,20000,wrong
10-Jun-20 14:39:39 - /Users/liongrizotsky/Desktop/audio_folder/hello,20000,right
10-Jun-20 14:39:43 - /Users/liongrizotsky/Desktop/audio_folder/hello,20000,right
10-Jun-20 14:39:47 - /Users/liongrizotsky/Desktop/audio_folder/hello,20000,right
10-Jun-20 14:39:49 - /Users/liongrizotsky/Desktop/audio_folder/hello,folder locked
10-Jun-20 14:59:27 - /Users/liongrizotsky/Desktop/hello,folder locked
10-Jun-20 14:59:28 - (RUN)
10-Jun-20 14:59:46 - /Users/liongrizotsky/Desktop/hello,20000,wrong
10-Jun-20 14:59:50 - /Users/liongrizotsky/Desktop/hello,20000,right
10-Jun-20 14:59:55 - /Users/liongrizotsky/Desktop/hello,20000,right
10-Jun-20 14:59:59 - /Users/liongrizotsky/Desktop/hello,20000,right
10-Jun-20 15:00:03 - /Users/liongrizotsky/Desktop/hello,20000,wrong
10-Jun-20 15:00:07 - /Users/liongrizotsky/Desktop/hello,folder locked
10-Jun-20 15:00:32 - /Users/liongrizotsky/Desktop/hello,20000,wrong
10-Jun-20 15:00:36 - /Users/liongrizotsky/Desktop/hello,20000,wrong
10-Jun-20 15:00:40 - /Users/liongrizotsky/Desktop/hello,20000,right
10-Jun-20 15:00:44 - /Users/liongrizotsky/Desktop/hello,20000,right
10-Jun-20 15:00:48 - /Users/liongrizotsky/Desktop/hello,20000,right
10-Jun-20 15:00:51 - /Users/liongrizotsky/Desktop/hello,folder locked
10-Jun-20 15:00:57 - /Users/liongrizotsky/Desktop/hello,20000,wrong
10-Jun-20 15:01:01 - /Users/liongrizotsky/Desktop/hello,20000,wrong
10-Jun-20 15:01:05 - /Users/liongrizotsky/Desktop/hello,20000,right
10-Jun-20 15:01:07 - /Users/liongrizotsky/Desktop/hello,folder locked
10-Jun-20 15:01:09 - /Users/liongrizotsky/Desktop/hello,20000,wrong
10-Jun-20 15:01:13 - /Users/liongrizotsky/Desktop/hello,20000,right
10-Jun-20 15:01:17 - /Users/liongrizotsky/Desktop/hello,20000,right
10-Jun-20 15:01:22 - /Users/liongrizotsky/Desktop/hello,20000,right
10-Jun-20 15:01:26 - /Users/liongrizotsky/Desktop/hello,20000,right
10-Jun-20 15:01:30 - /Users/liongrizotsky/Desktop/hello,20000,right
10-Jun-20 15:01:34 - /Users/liongrizotsky/Desktop/hello,20000,right
10-Jun-20 15:01:38 - /Users/liongrizotsky/Desktop/hello,20000,wrong
10-Jun-20 15:01:40 - /Users/liongrizotsky/Desktop/hello,folder locked
10-Jun-20 15:02:39 - /Users/liongrizotsky/Desktop/hello,folder locked
10-Jun-20 15:02:40 - (RUN)
10-Jun-20 15:02:50 - /Users/liongrizotsky/Desktop/hello,10000,wrong
10-Jun-20 15:02:57 - /Users/liongrizotsky/Desktop/hello,10000,wrong
10-Jun-20 15:03:01 - /Users/liongrizotsky/Desktop/hello,10000,wrong
10-Jun-20 15:03:05 - /Users/liongrizotsky/Desktop/hello,10000,wrong
10-Jun-20 15:03:09 - /Users/liongrizotsky/Desktop/hello,10000,right
10-Jun-20 15:03:13 - /Users/liongrizotsky/Desktop/hello,10000,right
10-Jun-20 15:03:17 - /Users/liongrizotsky/Desktop/hello,folder locked
10-Jun-20 15:03:21 - /Users/liongrizotsky/Desktop/hello,10000,wrong
10-Jun-20 15:03:26 - /Users/liongrizotsky/Desktop/hello,10000,wrong
10-Jun-20 15:03:30 - /Users/liongrizotsky/Desktop/hello,10000,wrong
10-Jun-20 15:03:30 - /Users/liongrizotsky/Desktop/hello,10000,wrong
10-Jun-20 15:03:30 - /Users/liongrizotsky/Desktop/hello,10000,wrong
10-Jun-20 15:03:32 - /Users/liongrizotsky/Desktop/hello,10000,wrong
10-Jun-20 15:03:33 - /Users/liongrizotsky/Desktop/hello,10000,wrong
10-Jun-20 15:03:35 - /Users/liongrizotsky/Desktop/hello,10000,wrong
10-Jun-20 15:03:35 - /Users/liongrizotsky/Desktop/hello,10000,wrong
10-Jun-20 15:03:36 - /Users/liongrizotsky/Desktop/hello,10000,wrong
10-Jun-20 15:03:36 - /Users/liongrizotsky/Desktop/hello,10000,wrong
10-Jun-20 15:03:37 - /Users/liongrizotsky/Desktop/hello,10000,wrong
10-Jun-20 15:03:38 - /Users/liongrizotsky/Desktop/hello,10000,wrong
10-Jun-20 15:03:39 - /Users/liongrizotsky/Desktop/hello,10000,wrong
10-Jun-20 15:03:39 - /Users/liongrizotsky/Desktop/hello,10000,wrong
10-Jun-20 15:03:41 - /Users/liongrizotsky/Desktop/hello,10000,wrong
10-Jun-20 15:03:48 - /Users/liongrizotsky/Desktop/hello,10000,wrong
10-Jun-20 15:03:49 - /Users/liongrizotsky/Desktop/hello,10000,wrong
10-Jun-20 15:03:49 - /Users/liongrizotsky/Desktop/hello,10000,wrong
10-Jun-20 15:03:50 - /Users/liongrizotsky/Desktop/hello,10000,wrong
10-Jun-20 15:03:50 - /Users/liongrizotsky/Desktop/hello,10000,wrong
10-Jun-20 15:03:51 - /Users/liongrizotsky/Desktop/hello,10000,wrong
10-Jun-20 15:03:51 - /Users/liongrizotsky/Desktop/hello,10000,wrong
10-Jun-20 15:03:51 - /Users/liongrizotsky/Desktop/hello,10000,wrong
10-Jun-20 15:03:52 - /Users/liongrizotsky/Desktop/hello,10000,wrong
10-Jun-20 15:04:10 - (RUN)
10-Jun-20 15:04:23 - /Users/liongrizotsky/Desktop/hello,10000,wrong
10-Jun-20 15:04:24 - /Users/liongrizotsky/Desktop/hello,10000,wrong
10-Jun-20 15:04:24 - /Users/liongrizotsky/Desktop/hello,10000,wrong
10-Jun-20 15:04:25 - /Users/liongrizotsky/Desktop/hello,10000,wrong
10-Jun-20 15:04:25 - /Users/liongrizotsky/Desktop/hello,10000,wrong
10-Jun-20 15:04:31 - /Users/liongrizotsky/Desktop/hello,10000,wrong
10-Jun-20 15:04:33 - /Users/liongrizotsky/Desktop/hello,10000,wrong
10-Jun-20 15:04:33 - /Users/liongrizotsky/Desktop/hello,10000,wrong
10-Jun-20 15:04:35 - /Users/liongrizotsky/Desktop/hello,10000,wrong
10-Jun-20 15:04:39 - /Users/liongrizotsky/Desktop/hello,10000,wrong
10-Jun-20 15:04:43 - /Users/liongrizotsky/Desktop/hello,10000,wrong
10-Jun-20 15:04:47 - /Users/liongrizotsky/Desktop/hello,10000,right
10-Jun-20 15:04:52 - /Users/liongrizotsky/Desktop/hello,10000,right
10-Jun-20 15:04:56 - /Users/liongrizotsky/Desktop/hello,10000,right
10-Jun-20 15:05:00 - /Users/liongrizotsky/Desktop/hello,10000,right
10-Jun-20 15:05:04 - /Users/liongrizotsky/Desktop/hello,10000,right
10-Jun-20 15:05:06 - /Users/liongrizotsky/Desktop/hello,10000,wrong
10-Jun-20 15:05:09 - /Users/liongrizotsky/Desktop/hello,folder locked
10-Jun-20 17:36:18 - /Users/liongrizotsky/Desktop/audio_folder/hello,folder locked
10-Jun-20 17:36:18 - (RUN)
11-Jun-20 20:09:31 - /Users/liongrizotsky/Desktop/audio_folder/hello,folder locked
11-Jun-20 20:09:31 - (RUN)
11-Jun-20 20:09:37 - /Users/liongrizotsky/Desktop/audio_folder/hello,20000,wrong
11-Jun-20 20:09:41 - /Users/liongrizotsky/Desktop/audio_folder/hello,20000,wrong
11-Jun-20 20:09:45 - /Users/liongrizotsky/Desktop/audio_folder/hello,20000,right
11-Jun-20 20:09:49 - /Users/liongrizotsky/Desktop/audio_folder/hello,20000,right
11-Jun-20 20:09:53 - /Users/liongrizotsky/Desktop/audio_folder/hello,20000,right
11-Jun-20 20:09:55 - /Users/liongrizotsky/Desktop/audio_folder/hello,folder locked
11-Jun-20 20:11:50 - /Users/liongrizotsky/Desktop/audio_folder/hello,folder locked
11-Jun-20 20:11:50 - (RUN)
11-Jun-20 21:09:41 - /Users/liongrizotsky/Desktop/audio_folder/hello,folder locked
11-Jun-20 21:09:41 - (RUN)
11-Jun-20 21:10:35 - (RUN)
14-Jun-20 16:49:50 - /Users/liongrizotsky/Desktop/audio_folder/hello,folder locked
14-Jun-20 16:49:51 - (RUN)
14-Jun-20 16:50:32 - /Users/liongrizotsky/Desktop/audio_folder/hello,20000,wrong
14-Jun-20 16:50:34 - /Users/liongrizotsky/Desktop/audio_folder/hello,20000,wrong
14-Jun-20 16:50:35 - /Users/liongrizotsky/Desktop/audio_folder/hello,20000,wrong
14-Jun-20 16:50:54 - /Users/liongrizotsky/Desktop/audio_folder/hello,20000,wrong
14-Jun-20 16:50:54 - /Users/liongrizotsky/Desktop/audio_folder/hello,20000,wrong
14-Jun-20 16:50:57 - /Users/liongrizotsky/Desktop/audio_folder/hello,20000,wrong
14-Jun-20 16:51:11 - /Users/liongrizotsky/Desktop/audio_folder/hello,20000,wrong
14-Jun-20 16:51:25 - (RUN)
14-Jun-20 16:51:33 - /Users/liongrizotsky/Desktop/audio_folder/hello,20000,wrong
14-Jun-20 16:51:36 - /Users/liongrizotsky/Desktop/audio_folder/hello,20000,wrong
14-Jun-20 16:51:39 - /Users/liongrizotsky/Desktop/audio_folder/hello,20000,wrong
14-Jun-20 16:51:42 - /Users/liongrizotsky/Desktop/audio_folder/hello,20000,right
14-Jun-20 16:51:42 - /Users/liongrizotsky/Desktop/audio_folder/hello,folder locked
14-Jun-20 16:51:51 - /Users/liongrizotsky/Desktop/audio_folder/hello,20000,wrong
14-Jun-20 16:51:53 - /Users/liongrizotsky/Desktop/audio_folder/hello,20000,wrong
14-Jun-20 16:52:13 - /Users/liongrizotsky/Desktop/audio_folder/hello,20000,wrong
14-Jun-20 16:52:14 - /Users/liongrizotsky/Desktop/audio_folder/hello,20000,wrong
14-Jun-20 16:52:18 - /Users/liongrizotsky/Desktop/audio_folder/hello,20000,wrong
14-Jun-20 16:52:20 - /Users/liongrizotsky/Desktop/audio_folder/hello,20000,wrong
14-Jun-20 16:52:22 - /Users/liongrizotsky/Desktop/audio_folder/hello,20000,wrong
14-Jun-20 16:52:25 - /Users/liongrizotsky/Desktop/audio_folder/hello,20000,right
14-Jun-20 16:52:26 - /Users/liongrizotsky/Desktop/audio_folder/hello,folder locked
14-Jun-20 16:52:31 - /Users/liongrizotsky/Desktop/audio_folder/hello,20000,wrong
14-Jun-20 16:53:34 - /Users/liongrizotsky/Desktop/audio_folder/hello,20000,wrong
14-Jun-20 16:53:36 - /Users/liongrizotsky/Desktop/audio_folder/hello,20000,wrong
14-Jun-20 16:53:40 - /Users/liongrizotsky/Desktop/audio_folder/hello,20000,wrong
14-Jun-20 16:53:44 - /Users/liongrizotsky/Desktop/audio_folder/hello,20000,wrong
19-Jun-20 19:03:48 - /Users/liongrizotsky/Desktop/audio_folder/hello,folder locked
19-Jun-20 19:03:48 - (RUN)
19-Jun-20 19:03:55 - /Users/liongrizotsky/Desktop/audio_folder/hello,20000,wrong
19-Jun-20 19:03:56 - /Users/liongrizotsky/Desktop/audio_folder/hello,20000,wrong
19-Jun-20 19:03:59 - /Users/liongrizotsky/Desktop/audio_folder/hello,20000,wrong
19-Jun-20 19:04:00 - /Users/liongrizotsky/Desktop/audio_folder/hello,20000,wrong
19-Jun-20 19:04:03 - /Users/liongrizotsky/Desktop/audio_folder/hello,20000,wrong
19-Jun-20 19:04:07 - /Users/liongrizotsky/Desktop/audio_folder/hello,20000,wrong
19-Jun-20 19:04:08 - /Users/liongrizotsky/Desktop/audio_folder/hello,20000,wrong
19-Jun-20 19:04:17 - (RUN)
19-Jun-20 19:04:20 - /Users/liongrizotsky/Desktop/audio_folder/hello,20000,wrong
19-Jun-20 19:04:22 - /Users/liongrizotsky/Desktop/audio_folder/hello,20000,wrong
19-Jun-20 19:04:25 - /Users/liongrizotsky/Desktop/audio_folder/hello,20000,wrong
19-Jun-20 19:04:26 - /Users/liongrizotsky/Desktop/audio_folder/hello,20000,wrong
19-Jun-20 19:04:29 - /Users/liongrizotsky/Desktop/audio_folder/hello,20000,right
19-Jun-20 19:04:31 - /Users/liongrizotsky/Desktop/audio_folder/hello,20000,right
19-Jun-20 19:04:34 - /Users/liongrizotsky/Desktop/audio_folder/hello,20000,right
19-Jun-20 19:04:37 - /Users/liongrizotsky/Desktop/audio_folder/hello,20000,right
19-Jun-20 19:04:40 - /Users/liongrizotsky/Desktop/audio_folder/hello,20000,right
19-Jun-20 19:04:42 - /Users/liongrizotsky/Desktop/audio_folder/hello,20000,right
19-Jun-20 19:04:45 - /Users/liongrizotsky/Desktop/audio_folder/hello,20000,right
19-Jun-20 19:04:48 - /Users/liongrizotsky/Desktop/audio_folder/hello,20000,right
19-Jun-20 19:04:50 - /Users/liongrizotsky/Desktop/audio_folder/hello,20000,right
19-Jun-20 19:04:56 - /Users/liongrizotsky/Desktop/audio_folder/hello,folder locked
19-Jun-20 19:04:59 - /Users/liongrizotsky/Desktop/audio_folder/hello,20000,wrong
19-Jun-20 19:05:01 - /Users/liongrizotsky/Desktop/audio_folder/hello,20000,right
19-Jun-20 19:05:04 - /Users/liongrizotsky/Desktop/audio_folder/hello,20000,right
19-Jun-20 19:05:07 - /Users/liongrizotsky/Desktop/audio_folder/hello,20000,right
19-Jun-20 19:05:10 - /Users/liongrizotsky/Desktop/audio_folder/hello,folder locked
20-Jun-20 10:13:26 - /Users/liongrizotsky/Desktop/audio_folder/hello,folder locked
20-Jun-20 10:13:26 - (RUN)
20-Jun-20 10:13:36 - /Users/liongrizotsky/Desktop/audio_folder/hello,20000,wrong
20-Jun-20 10:13:39 - /Users/liongrizotsky/Desktop/audio_folder/hello,20000,right
20-Jun-20 10:13:41 - /Users/liongrizotsky/Desktop/audio_folder/hello,20000,right
20-Jun-20 10:13:44 - /Users/liongrizotsky/Desktop/audio_folder/hello,20000,right
20-Jun-20 10:13:47 - /Users/liongrizotsky/Desktop/audio_folder/hello,folder locked
20-Jun-20 10:13:58 - (RUN)
20-Jun-20 10:14:01 - /Users/liongrizotsky/Desktop/audio_folder/hello,20000,wrong
20-Jun-20 10:14:03 - /Users/liongrizotsky/Desktop/audio_folder/hello,20000,wrong
20-Jun-20 10:14:06 - /Users/liongrizotsky/Desktop/audio_folder/hello,20000,right
20-Jun-20 10:14:09 - /Users/liongrizotsky/Desktop/audio_folder/hello,20000,right
20-Jun-20 10:14:11 - /Users/liongrizotsky/Desktop/audio_folder/hello,20000,right
20-Jun-20 10:14:14 - /Users/liongrizotsky/Desktop/audio_folder/hello,20000,right
20-Jun-20 10:14:17 - /Users/liongrizotsky/Desktop/audio_folder/hello,20000,wrong
20-Jun-20 10:14:17 - /Users/liongrizotsky/Desktop/audio_folder/hello,folder locked
20-Jun-20 10:14:57 - (RUN)
20-Jun-20 10:15:27 - /Users/liongrizotsky/Desktop/audio_folder/hello,20000,wrong
20-Jun-20 10:15:29 - /Users/liongrizotsky/Desktop/audio_folder/hello,20000,wrong
20-Jun-20 10:15:31 - /Users/liongrizotsky/Desktop/audio_folder/hello,20000,right
20-Jun-20 10:15:34 - /Users/liongrizotsky/Desktop/audio_folder/hello,20000,right
20-Jun-20 10:15:37 - /Users/liongrizotsky/Desktop/audio_folder/hello,20000,right
20-Jun-20 10:15:40 - /Users/liongrizotsky/Desktop/audio_folder/hello,20000,right
20-Jun-20 10:15:42 - /Users/liongrizotsky/Desktop/audio_folder/hello,20000,right
20-Jun-20 10:15:45 - /Users/liongrizotsky/Desktop/audio_folder/hello,20000,wrong
20-Jun-20 10:15:46 - /Users/liongrizotsky/Desktop/audio_folder/hello,20000,wrong
20-Jun-20 10:15:46 - /Users/liongrizotsky/Desktop/audio_folder/hello,20000,wrong
20-Jun-20 10:15:47 - /Users/liongrizotsky/Desktop/audio_folder/hello,20000,wrong
20-Jun-20 10:15:47 - /Users/liongrizotsky/Desktop/audio_folder/hello,20000,wrong
20-Jun-20 10:15:50 - /Users/liongrizotsky/Desktop/audio_folder/hello,20000,wrong
20-Jun-20 10:15:53 - /Users/liongrizotsky/Desktop/audio_folder/hello,folder locked
20-Jun-20 10:16:21 - /Users/liongrizotsky/Desktop/audio_folder/hello,20000,wrong
20-Jun-20 10:16:28 - (RUN)
20-Jun-20 10:16:33 - /Users/liongrizotsky/Desktop/audio_folder/hello,20000,wrong
20-Jun-20 10:16:35 - /Users/liongrizotsky/Desktop/audio_folder/hello,20000,right
20-Jun-20 10:16:38 - /Users/liongrizotsky/Desktop/audio_folder/hello,20000,right
20-Jun-20 10:16:41 - /Users/liongrizotsky/Desktop/audio_folder/hello,20000,wrong
20-Jun-20 10:16:45 - /Users/liongrizotsky/Desktop/audio_folder/hello,folder locked
20-Jun-20 10:17:36 - (RUN)
20-Jun-20 10:17:48 - /Users/liongrizotsky/Desktop/audio_folder/hello,20000,wrong
20-Jun-20 10:17:50 - /Users/liongrizotsky/Desktop/audio_folder/hello,20000,right
20-Jun-20 10:17:53 - /Users/liongrizotsky/Desktop/audio_folder/hello,20000,right
20-Jun-20 10:17:54 - /Users/liongrizotsky/Desktop/audio_folder/hello,folder locked
